#
# A fatal error has been detected by the Java Runtime Environment:
#
#  Internal Error (safepoint.cpp:712), pid=60399, tid=0x000000000000a20b
#  fatal error: Illegal threadstate encountered: 4
#
# JRE version: Java(TM) SE Runtime Environment (8.0_241-b07) (build 1.8.0_241-b07)
# Java VM: Java HotSpot(TM) 64-Bit Server VM (25.241-b07 mixed mode bsd-amd64 compressed oops)
# Failed to write core dump. Core dumps have been disabled. To enable core dumping, try "ulimit -c unlimited" before starting Java again
#
# If you would like to submit a bug report, please visit:
#   http://bugreport.java.com/bugreport/crash.jsp
# The crash happened outside the Java Virtual Machine in native code.
# See problematic frame for where to report the bug.
#

---------------  T H R E A D  ---------------

Current thread (0x00007ff57c17b000):  JavaThread "Thread-1" daemon [_thread_in_native, id=41483, stack(0x0000700008604000,0x0000700008704000)]

Stack: [0x0000700008604000,0x0000700008704000],  sp=0x0000700008702c80,  free space=1019k
Native frames: (J=compiled Java code, j=interpreted, Vv=VM code, C=native code)
V  [libjvm.dylib+0x5bc994]
V  [libjvm.dylib+0x1ea9f9]
V  [libjvm.dylib+0x4e8072]
V  [libjvm.dylib+0x575a72]
V  [libjvm.dylib+0x16b806]
V  [libjvm.dylib+0x318381]
C  [libglass.dylib+0x5155]  -[GlassRunnable dealloc]+0x35
C  [libobjc.A.dylib+0x25e98]  _ZN11objc_object17sidetable_releaseEbb+0xee
C  [Foundation+0x818ee]  -[_NSThreadPerformInfo dealloc]+0x2a
C  [libobjc.A.dylib+0x25e98]  _ZN11objc_object17sidetable_releaseEbb+0xee
C  [Foundation+0x4e466]  -[NSObject(NSThreadPerformAdditions) performSelectorOnMainThread:withObject:waitUntilDone:]+0x7c
j  com.sun.glass.ui.mac.MacApplication._submitForLaterInvocation(Ljava/lang/Runnable;)V+0
j  com.sun.glass.ui.mac.MacApplication.submitForLaterInvocation(Ljava/lang/Runnable;)V+2
j  com.sun.glass.ui.InvokeLaterDispatcher.run()V+82
v  ~StubRoutines::call_stub
V  [libjvm.dylib+0x2f1b06]
V  [libjvm.dylib+0x2f22aa]
V  [libjvm.dylib+0x2f2456]
V  [libjvm.dylib+0x34cd45]
V  [libjvm.dylib+0x576b93]
V  [libjvm.dylib+0x57828e]
V  [libjvm.dylib+0x490b86]
C  [libsystem_pthread.dylib+0x64e1]  _pthread_start+0x7d
C  [libsystem_pthread.dylib+0x1f6b]  thread_start+0xf
C  0x0000000000000000

Java frames: (J=compiled Java code, j=interpreted, Vv=VM code)
j  com.sun.glass.ui.mac.MacApplication._submitForLaterInvocation(Ljava/lang/Runnable;)V+0
j  com.sun.glass.ui.mac.MacApplication.submitForLaterInvocation(Ljava/lang/Runnable;)V+2
j  com.sun.glass.ui.InvokeLaterDispatcher.run()V+82
v  ~StubRoutines::call_stub

---------------  P R O C E S S  ---------------

Java Threads: ( => current thread )
  0x00007ff57c2fc000 JavaThread "Prism Font Disposer" daemon [_thread_blocked, id=50955, stack(0x0000700008a16000,0x0000700008b16000)]
  0x00007ff57b9ed000 JavaThread "PulseTimer-CVDisplayLink thread" daemon [_thread_in_native, id=79619, stack(0x000070000878a000,0x000070000880a000)]
  0x00007ff57a975800 JavaThread "JavaFX-Launcher" [_thread_blocked, id=48147, stack(0x0000700008913000,0x0000700008a13000)]
  0x00007ff57b987800 JavaThread "JavaFX Application Thread" [_thread_in_native_trans, id=259, stack(0x00007ff7beca5000,0x00007ff7bf4a5000)]
=>0x00007ff57c17b000 JavaThread "Thread-1" daemon [_thread_in_native, id=41483, stack(0x0000700008604000,0x0000700008704000)]
  0x00007ff57a15e800 JavaThread "QuantumRenderer-0" daemon [_thread_blocked, id=15363, stack(0x0000700008501000,0x0000700008601000)]
  0x00007ff57c02d000 JavaThread "Service Thread" daemon [_thread_blocked, id=14851, stack(0x00007000082fb000,0x00007000083fb000)]
  0x00007ff57a8c3000 JavaThread "C1 CompilerThread2" daemon [_thread_blocked, id=17667, stack(0x00007000081f8000,0x00007000082f8000)]
  0x00007ff57a051000 JavaThread "C2 CompilerThread1" daemon [_thread_in_native, id=14339, stack(0x00007000080f5000,0x00007000081f5000)]
  0x00007ff57b840800 JavaThread "C2 CompilerThread0" daemon [_thread_in_native, id=14083, stack(0x0000700007ff2000,0x00007000080f2000)]
  0x00007ff57c02e000 JavaThread "JDWP Command Reader" daemon [_thread_in_native, id=18179, stack(0x0000700007eef000,0x0000700007fef000)]
  0x00007ff57a868800 JavaThread "JDWP Event Helper Thread" daemon [_thread_blocked, id=18691, stack(0x0000700007dec000,0x0000700007eec000)]
  0x00007ff57a01d800 JavaThread "JDWP Transport Listener: dt_socket" daemon [_thread_blocked, id=13575, stack(0x0000700007ce9000,0x0000700007de9000)]
  0x00007ff57a01d000 JavaThread "Signal Dispatcher" daemon [_thread_blocked, id=13059, stack(0x0000700007be6000,0x0000700007ce6000)]
  0x00007ff57a83d000 JavaThread "Finalizer" daemon [_thread_blocked, id=20739, stack(0x00007000079dd000,0x0000700007add000)]
  0x00007ff57b80e800 JavaThread "Reference Handler" daemon [_thread_blocked, id=20995, stack(0x00007000078da000,0x00007000079da000)]
  0x00007ff57c009000 JavaThread "main" [_thread_blocked, id=3587, stack(0x00007000072c8000,0x00007000073c8000)]

Other Threads:
  0x00007ff57a019800 VMThread [stack: 0x00007000077d7000,0x00007000078d7000] [id=21251]
  0x00007ff57a054000 WatcherThread [stack: 0x00007000083fe000,0x00007000084fe000] [id=17155]

VM state:not at safepoint (normal execution)

VM Mutex/Monitor currently owned by a thread: None

heap address: 0x0000000740000000, size: 2048 MB, Compressed Oops mode: Zero based, Oop shift amount: 3
Narrow klass base: 0x0000000000000000, Narrow klass shift: 3
Compressed class space size: 1073741824 Address: 0x00000007c0000000

Heap:
 PSYoungGen      total 38400K, used 25585K [0x0000000795580000, 0x0000000798000000, 0x00000007c0000000)
  eden space 33280K, 67% used [0x0000000795580000,0x0000000796b67dc0,0x0000000797600000)
  from space 5120K, 61% used [0x0000000797600000,0x0000000797914748,0x0000000797b00000)
  to   space 5120K, 0% used [0x0000000797b00000,0x0000000797b00000,0x0000000798000000)
 ParOldGen       total 87552K, used 8K [0x0000000740000000, 0x0000000745580000, 0x0000000795580000)
  object space 87552K, 0% used [0x0000000740000000,0x0000000740002000,0x0000000745580000)
 Metaspace       used 15414K, capacity 16358K, committed 16640K, reserved 1062912K
  class space    used 2274K, capacity 2475K, committed 2560K, reserved 1048576K

Card table byte_map: [0x00000001010b2000,0x00000001014b3000] byte_map_base: 0x00000000fd6b2000

Marking Bits: (ParMarkBitMap*) 0x000000010241ef80
 Begin Bits: [0x0000000102adb000, 0x0000000104adb000)
 End Bits:   [0x0000000104adb000, 0x0000000106adb000)

Polling page: 0x0000000100b95000

CodeCache: size=245760Kb used=4766Kb max_used=4766Kb free=240993Kb
 bounds [0x000000010c49f000, 0x000000010c94f000, 0x000000011b49f000]
 total_blobs=2086 nmethods=1431 adapters=576
 compilation: enabled

Compilation events (10 events):
Event: 4.392 Thread 0x00007ff57a8c3000 nmethod 1418 0x000000010c944250 code [0x000000010c944480, 0x000000010c9451c8]
Event: 4.392 Thread 0x00007ff57a8c3000 1415       3       javafx.collections.FXCollections$UnmodifiableObservableSet$1::next (10 bytes)
Event: 4.393 Thread 0x00007ff57a8c3000 nmethod 1415 0x000000010c941810 code [0x000000010c941980, 0x000000010c941ba8]
Event: 4.393 Thread 0x00007ff57a8c3000 1426       1       com.sun.javafx.geom.RectBounds::is2D (2 bytes)
Event: 4.393 Thread 0x00007ff57a8c3000 nmethod 1426 0x000000010c945850 code [0x000000010c9459a0, 0x000000010c945ab0]
Event: 4.393 Thread 0x00007ff57a8c3000 1421       3       javafx.geometry.Insets::getRight (5 bytes)
Event: 4.393 Thread 0x00007ff57a8c3000 nmethod 1421 0x000000010c945b10 code [0x000000010c945c60, 0x000000010c945db0]
Event: 4.393 Thread 0x00007ff57a8c3000 1423       1       com.sun.javafx.geom.transform.Translate2D::isTranslateOrIdentity (2 bytes)
Event: 4.393 Thread 0x00007ff57a8c3000 nmethod 1423 0x000000010c945e50 code [0x000000010c945fa0, 0x000000010c9460b0]
Event: 4.393 Thread 0x00007ff57a8c3000 1425       1       javafx.scene.layout.BackgroundFill::getFill (5 bytes)

GC Heap History (2 events):
Event: 1.524 GC heap before
{Heap before GC invocations=1 (full 0):
 PSYoungGen      total 38400K, used 33280K [0x0000000795580000, 0x0000000798000000, 0x00000007c0000000)
  eden space 33280K, 100% used [0x0000000795580000,0x0000000797600000,0x0000000797600000)
  from space 5120K, 0% used [0x0000000797b00000,0x0000000797b00000,0x0000000798000000)
  to   space 5120K, 0% used [0x0000000797600000,0x0000000797600000,0x0000000797b00000)
 ParOldGen       total 87552K, used 0K [0x0000000740000000, 0x0000000745580000, 0x0000000795580000)
  object space 87552K, 0% used [0x0000000740000000,0x0000000740000000,0x0000000745580000)
 Metaspace       used 10787K, capacity 11234K, committed 11392K, reserved 1058816K
  class space    used 1441K, capacity 1579K, committed 1664K, reserved 1048576K
Event: 1.530 GC heap after
Heap after GC invocations=1 (full 0):
 PSYoungGen      total 38400K, used 3153K [0x0000000795580000, 0x0000000798000000, 0x00000007c0000000)
  eden space 33280K, 0% used [0x0000000795580000,0x0000000795580000,0x0000000797600000)
  from space 5120K, 61% used [0x0000000797600000,0x0000000797914748,0x0000000797b00000)
  to   space 5120K, 0% used [0x0000000797b00000,0x0000000797b00000,0x0000000798000000)
 ParOldGen       total 87552K, used 8K [0x0000000740000000, 0x0000000745580000, 0x0000000795580000)
  object space 87552K, 0% used [0x0000000740000000,0x0000000740002000,0x0000000745580000)
 Metaspace       used 10787K, capacity 11234K, committed 11392K, reserved 1058816K
  class space    used 1441K, capacity 1579K, committed 1664K, reserved 1048576K
}

Deoptimization events (10 events):
Event: 1.607 Thread 0x00007ff57b987800 Uncommon trap: reason=class_check action=maybe_recompile pc=0x000000010c726298 method=java.io.DataInputStream.readShort()S @ 4
Event: 1.607 Thread 0x00007ff57b987800 Uncommon trap: reason=class_check action=maybe_recompile pc=0x000000010c726298 method=java.io.DataInputStream.readShort()S @ 4
Event: 1.623 Thread 0x00007ff57b987800 Uncommon trap: reason=class_check action=maybe_recompile pc=0x000000010c5bf828 method=java.lang.String.equals(Ljava/lang/Object;)Z @ 8
Event: 1.623 Thread 0x00007ff57b987800 Uncommon trap: reason=class_check action=maybe_recompile pc=0x000000010c5bf828 method=java.lang.String.equals(Ljava/lang/Object;)Z @ 8
Event: 1.623 Thread 0x00007ff57b987800 Uncommon trap: reason=class_check action=maybe_recompile pc=0x000000010c5bf828 method=java.lang.String.equals(Ljava/lang/Object;)Z @ 8
Event: 1.867 Thread 0x00007ff57b987800 Uncommon trap: reason=unstable_if action=reinterpret pc=0x000000010c6d5ba0 method=java.lang.CharacterData.of(I)Ljava/lang/CharacterData; @ 4
Event: 1.906 Thread 0x00007ff57b987800 Uncommon trap: reason=class_check action=maybe_recompile pc=0x000000010c5bf828 method=java.lang.String.equals(Ljava/lang/Object;)Z @ 8
Event: 1.910 Thread 0x00007ff57b987800 Uncommon trap: reason=unstable_if action=reinterpret pc=0x000000010c735720 method=java.lang.CharacterDataLatin1.toUpperCase(I)I @ 12
Event: 2.238 Thread 0x00007ff57b987800 Uncommon trap: reason=unstable_if action=reinterpret pc=0x000000010c7fdd24 method=jdk.internal.org.objectweb.asm.Type.getArgumentsAndReturnSizes(Ljava/lang/String;)I @ 47
Event: 2.319 Thread 0x00007ff57a15e800 Uncommon trap: reason=unstable_if action=reinterpret pc=0x000000010c750cb8 method=sun.net.www.ParseUtil.encodePath(Ljava/lang/String;Z)Ljava/lang/String; @ 109

Classes redefined (0 events):
No events

Internal exceptions (10 events):
Event: 0.595 Thread 0x00007ff57c009000 Exception <a 'java/lang/NoSuchFieldError': method resolution failed> (0x0000000795a85ef8) thrown at [/jenkins/workspace/8-2-build-macosx-x86_64/jdk8u241/331/hotspot/src/share/vm/prims/methodHandles.cpp, line 1167]
Event: 0.598 Thread 0x00007ff57c009000 Exception <a 'java/lang/NoSuchFieldError': method resolution failed> (0x0000000795a943b8) thrown at [/jenkins/workspace/8-2-build-macosx-x86_64/jdk8u241/331/hotspot/src/share/vm/prims/methodHandles.cpp, line 1167]
Event: 0.674 Thread 0x00007ff57c009000 Exception <a 'java/security/PrivilegedActionException'> (0x0000000795b67f70) thrown at [/jenkins/workspace/8-2-build-macosx-x86_64/jdk8u241/331/hotspot/src/share/vm/prims/jvm.cpp, line 1502]
Event: 0.674 Thread 0x00007ff57c009000 Exception <a 'java/security/PrivilegedActionException'> (0x0000000795b68180) thrown at [/jenkins/workspace/8-2-build-macosx-x86_64/jdk8u241/331/hotspot/src/share/vm/prims/jvm.cpp, line 1502]
Event: 0.685 Thread 0x00007ff57c009000 Exception <a 'java/security/PrivilegedActionException'> (0x0000000795b6b4b0) thrown at [/jenkins/workspace/8-2-build-macosx-x86_64/jdk8u241/331/hotspot/src/share/vm/prims/jvm.cpp, line 1502]
Event: 0.685 Thread 0x00007ff57c009000 Exception <a 'java/security/PrivilegedActionException'> (0x0000000795b6b6c0) thrown at [/jenkins/workspace/8-2-build-macosx-x86_64/jdk8u241/331/hotspot/src/share/vm/prims/jvm.cpp, line 1502]
Event: 0.685 Thread 0x00007ff57c009000 Exception <a 'java/lang/NullPointerException'> (0x0000000795b6c4f8) thrown at [/jenkins/workspace/8-2-build-macosx-x86_64/jdk8u241/331/hotspot/src/share/vm/interpreter/linkResolver.cpp, line 1185]
Event: 1.247 Thread 0x00007ff57b987800 Exception <a 'java/lang/NullPointerException'> (0x0000000796a54250) thrown at [/jenkins/workspace/8-2-build-macosx-x86_64/jdk8u241/331/hotspot/src/share/vm/interpreter/linkResolver.cpp, line 1185]
Event: 1.247 Thread 0x00007ff57b987800 Exception <a 'java/lang/NullPointerException'> (0x0000000796a54250) thrown at [/jenkins/workspace/8-2-build-macosx-x86_64/jdk8u241/331/hotspot/src/share/vm/prims/jvm.cpp, line 1506]
Event: 1.433 Thread 0x00007ff57b987800 Implicit null exception at 0x000000010c738d94 to 0x000000010c7390f1

Events (10 events):
Event: 4.291 loading class javafx/scene/Scene$DragDetectedState done
Event: 4.292 loading class javafx/event/Event
Event: 4.292 loading class javafx/event/Event done
Event: 4.292 loading class javafx/event/ActionEvent
Event: 4.292 loading class javafx/event/ActionEvent done
Event: 4.292 loading class javafx/event/ActionEvent
Event: 4.292 loading class javafx/event/ActionEvent done
Event: 4.292 loading class javafx/scene/Scene$ClickCounter
Event: 4.292 loading class javafx/scene/Scene$ClickCounter done
Event: 4.393 Executing VM operation: EnableBiasedLocking


Dynamic libraries:
0x00007ff826971000 	/System/Library/Frameworks/Cocoa.framework/Versions/A/Cocoa
0x00007ff8125da000 	/System/Library/Frameworks/AppKit.framework/Versions/C/AppKit
0x00007ff815aed000 	/System/Library/Frameworks/CoreData.framework/Versions/A/CoreData
0x00007ff8109de000 	/System/Library/Frameworks/Foundation.framework/Versions/C/Foundation
0x00007ff81a906000 	/usr/lib/libSystem.B.dylib
0x00007ff813469000 	/System/Library/PrivateFrameworks/UIFoundation.framework/Versions/A/UIFoundation
0x00007ff820875000 	/System/Library/PrivateFrameworks/RemoteViewServices.framework/Versions/A/RemoteViewServices
0x00007ff818b5b000 	/System/Library/PrivateFrameworks/XCTTargetBootstrap.framework/Versions/A/XCTTargetBootstrap
0x00007ff81c70d000 	/System/Library/PrivateFrameworks/InternationalSupport.framework/Versions/A/InternationalSupport
0x00007ff81c797000 	/System/Library/PrivateFrameworks/UserActivity.framework/Versions/A/UserActivity
0x00007ff81baed000 	/usr/lib/libspindump.dylib
0x00007ff8136f7000 	/System/Library/Frameworks/UniformTypeIdentifiers.framework/Versions/A/UniformTypeIdentifiers
0x00007ff817283000 	/usr/lib/libapp_launch_measurement.dylib
0x00007ff8164be000 	/System/Library/PrivateFrameworks/CoreAnalytics.framework/Versions/A/CoreAnalytics
0x00007ff817286000 	/System/Library/PrivateFrameworks/CoreAutoLayout.framework/Versions/A/CoreAutoLayout
0x00007ff8184b5000 	/System/Library/Frameworks/Metal.framework/Versions/A/Metal
0x00007ff8191e0000 	/usr/lib/liblangid.dylib
0x00007ff818b60000 	/System/Library/PrivateFrameworks/CoreSVG.framework/Versions/A/CoreSVG
0x00007ff814ae2000 	/System/Library/PrivateFrameworks/SkyLight.framework/Versions/A/SkyLight
0x00007ff814e80000 	/System/Library/Frameworks/CoreGraphics.framework/Versions/A/CoreGraphics
0x00007ff820f35000 	/System/Library/Frameworks/Accelerate.framework/Versions/A/Accelerate
0x00007ff81b56c000 	/System/Library/PrivateFrameworks/IconServices.framework/Versions/A/IconServices
0x00007ff81849a000 	/System/Library/Frameworks/IOSurface.framework/Versions/A/IOSurface
0x00007ff8164ec000 	/usr/lib/libDiagnosticMessagesClient.dylib
0x00007ff81a826000 	/usr/lib/libz.1.dylib
0x00007ff824615000 	/System/Library/Frameworks/ApplicationServices.framework/Versions/A/ApplicationServices
0x00007ff818b47000 	/System/Library/PrivateFrameworks/DFRFoundation.framework/Versions/A/DFRFoundation
0x00007ff811ec2000 	/usr/lib/libicucore.A.dylib
0x00007ff81d502000 	/System/Library/Frameworks/AudioToolbox.framework/Versions/A/AudioToolbox
0x00007ff81c719000 	/System/Library/PrivateFrameworks/DataDetectorsCore.framework/Versions/A/DataDetectorsCore
0x00007ff918c00000 	/System/Library/PrivateFrameworks/TextInput.framework/Versions/A/TextInput
0x00007ff814a65000 	/usr/lib/libMobileGestalt.dylib
0x00007ff818853000 	/System/Library/Frameworks/Carbon.framework/Versions/A/Frameworks/HIToolbox.framework/Versions/A/HIToolbox
0x00007ff816c89000 	/System/Library/Frameworks/QuartzCore.framework/Versions/A/QuartzCore
0x00007ff811b67000 	/System/Library/Frameworks/Security.framework/Versions/A/Security
0x00007ff8208ad000 	/System/Library/Frameworks/Carbon.framework/Versions/A/Frameworks/SpeechRecognition.framework/Versions/A/SpeechRecognition
0x00007ff816fe3000 	/System/Library/PrivateFrameworks/CoreUI.framework/Versions/A/CoreUI
0x00007ff811432000 	/System/Library/Frameworks/CoreAudio.framework/Versions/A/CoreAudio
0x00007ff8165db000 	/System/Library/Frameworks/DiskArbitration.framework/Versions/A/DiskArbitration
0x00007ff81bedb000 	/System/Library/PrivateFrameworks/MultitouchSupport.framework/Versions/A/MultitouchSupport
0x00007ff814a64000 	/usr/lib/libenergytrace.dylib
0x00007ff8124c6000 	/System/Library/Frameworks/IOKit.framework/Versions/A/IOKit
0x00007ff820c9d000 	/System/Library/Frameworks/CoreServices.framework/Versions/A/CoreServices
0x00007ff81721d000 	/System/Library/PrivateFrameworks/PerformanceAnalysis.framework/Versions/A/PerformanceAnalysis
0x00007ffa288e5000 	/System/Library/Frameworks/OpenGL.framework/Versions/A/OpenGL
0x00007ff819e42000 	/System/Library/PrivateFrameworks/MobileKeyBag.framework/Versions/A/MobileKeyBag
0x00007ff80f9a2000 	/usr/lib/libobjc.A.dylib
0x00007ff81554c000 	/System/Library/Frameworks/ColorSync.framework/Versions/A/ColorSync
0x00007ff80fb5c000 	/System/Library/Frameworks/CoreFoundation.framework/Versions/A/CoreFoundation
0x00007ff818dd6000 	/System/Library/Frameworks/CoreImage.framework/Versions/A/CoreImage
0x00007ff811246000 	/System/Library/Frameworks/CoreText.framework/Versions/A/CoreText
0x00007ff818b90000 	/System/Library/Frameworks/ImageIO.framework/Versions/A/ImageIO
0x00007ff81a90c000 	/System/Library/PrivateFrameworks/SoftLinking.framework/Versions/A/SoftLinking
0x00007ff8172ce000 	/usr/lib/libxml2.2.dylib
0x00007ff80fa68000 	/usr/lib/libc++.1.dylib
0x00007ff81ab90000 	/usr/lib/libcompression.dylib
0x00007ff81c640000 	/System/Library/PrivateFrameworks/TextureIO.framework/Versions/A/TextureIO
0x00007ff81b27e000 	/usr/lib/libate.dylib
0x00007ff81a901000 	/usr/lib/system/libcache.dylib
0x00007ff81a8bd000 	/usr/lib/system/libcommonCrypto.dylib
0x00007ff81a8e6000 	/usr/lib/system/libcompiler_rt.dylib
0x00007ff81a8dc000 	/usr/lib/system/libcopyfile.dylib
0x00007ff80f89d000 	/usr/lib/system/libcorecrypto.dylib
0x00007ff80f95b000 	/usr/lib/system/libdispatch.dylib
0x00007ff80fb1b000 	/usr/lib/system/libdyld.dylib
0x00007ff81a8f8000 	/usr/lib/system/libkeymgr.dylib
0x00007ff81a89b000 	/usr/lib/system/libmacho.dylib
0x00007ff819f1c000 	/usr/lib/system/libquarantine.dylib
0x00007ff81a8f6000 	/usr/lib/system/libremovefile.dylib
0x00007ff814ab2000 	/usr/lib/system/libsystem_asl.dylib
0x00007ff80f846000 	/usr/lib/system/libsystem_blocks.dylib
0x00007ff80f9df000 	/usr/lib/system/libsystem_c.dylib
0x00007ff81a8ee000 	/usr/lib/system/libsystem_collections.dylib
0x00007ff8191d0000 	/usr/lib/system/libsystem_configuration.dylib
0x00007ff81847d000 	/usr/lib/system/libsystem_containermanager.dylib
0x00007ff81a5d3000 	/usr/lib/system/libsystem_coreservices.dylib
0x00007ff812156000 	/usr/lib/system/libsystem_darwin.dylib
0x00007ff81a8f9000 	/usr/lib/system/libsystem_dnssd.dylib
0x00007ff80f9dc000 	/usr/lib/system/libsystem_featureflags.dylib
0x00007ff80fb31000 	/usr/lib/system/libsystem_info.dylib
0x00007ff81a839000 	/usr/lib/system/libsystem_m.dylib
0x00007ff80f92f000 	/usr/lib/system/libsystem_malloc.dylib
0x00007ff814a4d000 	/usr/lib/system/libsystem_networkextension.dylib
0x00007ff81257c000 	/usr/lib/system/libsystem_notify.dylib
0x00007ff820b72000 	/usr/lib/system/libsystem_product_info_filter.dylib
0x00007ff8191d4000 	/usr/lib/system/libsystem_sandbox.dylib
0x00007ff81a8f3000 	/usr/lib/system/libsystem_secinit.dylib
0x00007ff80fad7000 	/usr/lib/system/libsystem_kernel.dylib
0x00007ff80fb27000 	/usr/lib/system/libsystem_platform.dylib
0x00007ff80fb0f000 	/usr/lib/system/libsystem_pthread.dylib
0x00007ff8162fe000 	/usr/lib/system/libsystem_symptoms.dylib
0x00007ff80f884000 	/usr/lib/system/libsystem_trace.dylib
0x00007ff81a8c9000 	/usr/lib/system/libunwind.dylib
0x00007ff80f848000 	/usr/lib/system/libxpc.dylib
0x00007ff80fac1000 	/usr/lib/libc++abi.dylib
0x00007ff81a8d4000 	/usr/lib/liboah.dylib
0x00007ff81b05a000 	/usr/lib/liblzma.5.dylib
0x00007ff8106ed000 	/System/Library/Frameworks/SystemConfiguration.framework/Versions/A/SystemConfiguration
0x00007ff81a908000 	/usr/lib/libfakelink.dylib
0x00007ff8145be000 	/System/Library/Frameworks/CFNetwork.framework/Versions/A/CFNetwork
0x00007ff81aa49000 	/usr/lib/libarchive.2.dylib
0x00007ff8191dc000 	/System/Library/PrivateFrameworks/AppleSystemInfo.framework/Versions/A/AppleSystemInfo
0x00007ff819f43000 	/usr/lib/libbsm.0.dylib
0x00007ff813bcd000 	/usr/lib/libnetwork.dylib
0x00007ff81a8a1000 	/usr/lib/system/libkxld.dylib
0x00007ff819b76000 	/System/Library/PrivateFrameworks/IOMobileFramebuffer.framework/Versions/A/IOMobileFramebuffer
0x00007ffb27cb9000 	/usr/lib/libCoreEntitlements.dylib
0x00007ff81a5b5000 	/System/Library/PrivateFrameworks/AppleFSCompression.framework/Versions/A/AppleFSCompression
0x00007ff819f2b000 	/usr/lib/libcoretls.dylib
0x00007ff81b074000 	/usr/lib/libcoretls_cfhelpers.dylib
0x00007ff81ab8b000 	/usr/lib/libpam.2.dylib
0x00007ff815f1e000 	/usr/lib/libsqlite3.dylib
0x00007ff81b0e3000 	/usr/lib/libxar.1.dylib
0x00007ff81a5c5000 	/usr/lib/libbz2.1.0.dylib
0x00007ff81a90d000 	/usr/lib/libpcap.A.dylib
0x00007ff8162f6000 	/usr/lib/libdns_services.dylib
0x00007ff81ab5b000 	/usr/lib/libapple_nghttp2.dylib
0x00007ff81a947000 	/usr/lib/libiconv.2.dylib
0x00007ff81a89a000 	/usr/lib/libcharset.1.dylib
0x00007ff817251000 	/System/Library/Frameworks/CoreServices.framework/Versions/A/Frameworks/FSEvents.framework/Versions/A/FSEvents
0x00007ff812160000 	/System/Library/Frameworks/CoreServices.framework/Versions/A/Frameworks/CarbonCore.framework/Versions/A/CarbonCore
0x00007ff81653f000 	/System/Library/Frameworks/CoreServices.framework/Versions/A/Frameworks/Metadata.framework/Versions/A/Metadata
0x00007ff81a5d8000 	/System/Library/Frameworks/CoreServices.framework/Versions/A/Frameworks/OSServices.framework/Versions/A/OSServices
0x00007ff81aad0000 	/System/Library/Frameworks/CoreServices.framework/Versions/A/Frameworks/SearchKit.framework/Versions/A/SearchKit
0x00007ff816289000 	/System/Library/Frameworks/CoreServices.framework/Versions/A/Frameworks/AE.framework/Versions/A/AE
0x00007ff81005f000 	/System/Library/Frameworks/CoreServices.framework/Versions/A/Frameworks/LaunchServices.framework/Versions/A/LaunchServices
0x00007ff81b00b000 	/System/Library/Frameworks/CoreServices.framework/Versions/A/Frameworks/DictionaryServices.framework/Versions/A/DictionaryServices
0x00007ff81725e000 	/System/Library/Frameworks/CoreServices.framework/Versions/A/Frameworks/SharedFileList.framework/Versions/A/SharedFileList
0x00007ff819f1f000 	/usr/lib/libCheckFix.dylib
0x00007ff814ac9000 	/System/Library/PrivateFrameworks/TCC.framework/Versions/A/TCC
0x00007ff8191e2000 	/System/Library/PrivateFrameworks/CoreNLP.framework/Versions/A/CoreNLP
0x00007ff8164ef000 	/System/Library/PrivateFrameworks/MetadataUtilities.framework/Versions/A/MetadataUtilities
0x00007ff8107a1000 	/usr/lib/libmecabra.dylib
0x00007ff819f53000 	/usr/lib/libmecab.dylib
0x00007ff81076c000 	/usr/lib/libCRFSuite.dylib
0x00007ff819fad000 	/usr/lib/libgermantok.dylib
0x00007ff81ab36000 	/usr/lib/libThaiTokenizer.dylib
0x00007ff8165e2000 	/System/Library/Frameworks/Accelerate.framework/Versions/A/Frameworks/vImage.framework/Versions/A/vImage
0x00007ff820c74000 	/System/Library/Frameworks/Accelerate.framework/Versions/A/Frameworks/vecLib.framework/Versions/A/vecLib
0x00007ff81b124000 	/System/Library/Frameworks/Accelerate.framework/Versions/A/Frameworks/vecLib.framework/Versions/A/libvMisc.dylib
0x00007ff8199a1000 	/System/Library/Frameworks/Accelerate.framework/Versions/A/Frameworks/vecLib.framework/Versions/A/libvDSP.dylib
0x00007ff8103dd000 	/System/Library/Frameworks/Accelerate.framework/Versions/A/Frameworks/vecLib.framework/Versions/A/libBLAS.dylib
0x00007ff81ac6d000 	/System/Library/Frameworks/Accelerate.framework/Versions/A/Frameworks/vecLib.framework/Versions/A/libLAPACK.dylib
0x00007ff819fb0000 	/System/Library/Frameworks/Accelerate.framework/Versions/A/Frameworks/vecLib.framework/Versions/A/libLinearAlgebra.dylib
0x00007ff81ab73000 	/System/Library/Frameworks/Accelerate.framework/Versions/A/Frameworks/vecLib.framework/Versions/A/libSparseBLAS.dylib
0x00007ff81ac67000 	/System/Library/Frameworks/Accelerate.framework/Versions/A/Frameworks/vecLib.framework/Versions/A/libQuadrature.dylib
0x00007ff8192cd000 	/System/Library/Frameworks/Accelerate.framework/Versions/A/Frameworks/vecLib.framework/Versions/A/libBNNS.dylib
0x00007ff810677000 	/System/Library/Frameworks/Accelerate.framework/Versions/A/Frameworks/vecLib.framework/Versions/A/libSparse.dylib
0x00007ff8192c6000 	/System/Library/PrivateFrameworks/LinguisticData.framework/Versions/A/LinguisticData
0x00007ff81062d000 	/System/Library/PrivateFrameworks/Lexicon.framework/Versions/A/Lexicon
0x00007ff81b11d000 	/usr/lib/libChineseTokenizer.dylib
0x00007ff810d9b000 	/System/Library/PrivateFrameworks/LanguageModeling.framework/Versions/A/LanguageModeling
0x00007ff81ab38000 	/System/Library/PrivateFrameworks/AppleSauce.framework/Versions/A/AppleSauce
0x00007ff819b64000 	/System/Library/PrivateFrameworks/CoreEmoji.framework/Versions/A/CoreEmoji
0x00007ff81aa38000 	/usr/lib/libcmph.dylib
0x00007ff817235000 	/System/Library/Frameworks/OpenDirectory.framework/Versions/A/Frameworks/CFOpenDirectory.framework/Versions/A/CFOpenDirectory
0x00007ff817229000 	/System/Library/Frameworks/OpenDirectory.framework/Versions/A/OpenDirectory
0x00007ff81b076000 	/System/Library/PrivateFrameworks/APFS.framework/Versions/A/APFS
0x00007ff819e7a000 	/System/Library/Frameworks/SecurityFoundation.framework/Versions/A/SecurityFoundation
0x00007ff81b0f1000 	/usr/lib/libutil.dylib
0x00007ff81248a000 	/System/Library/PrivateFrameworks/CoreServicesStore.framework/Versions/A/CoreServicesStore
0x00007ff81b0f5000 	/usr/lib/libxslt.1.dylib
0x00007ff819f07000 	/System/Library/PrivateFrameworks/BackgroundTaskManagement.framework/Versions/A/BackgroundTaskManagement
0x00007ff81c560000 	/System/Library/Frameworks/ImageIO.framework/Versions/A/Resources/libRadiance.dylib
0x00007ff81c569000 	/System/Library/Frameworks/ImageIO.framework/Versions/A/Resources/libJPEG.dylib
0x00007ff81c4ba000 	/System/Library/Frameworks/ImageIO.framework/Versions/A/Resources/libPng.dylib
0x00007ff81c4db000 	/System/Library/Frameworks/ImageIO.framework/Versions/A/Resources/libTIFF.dylib
0x00007ff81c5c9000 	/System/Library/Frameworks/ImageIO.framework/Versions/A/Resources/libGIF.dylib
0x00007ff81bdf5000 	/System/Library/Frameworks/ImageIO.framework/Versions/A/Resources/libJP2.dylib
0x00007ff81b533000 	/usr/lib/libexpat.1.dylib
0x00007ff81bdaa000 	/System/Library/PrivateFrameworks/AppleJPEG.framework/Versions/A/AppleJPEG
0x00007ff818717000 	/System/Library/PrivateFrameworks/FontServices.framework/libFontParser.dylib
0x00007ff816233000 	/System/Library/PrivateFrameworks/RunningBoardServices.framework/Versions/A/RunningBoardServices
0x00007ff826f2c000 	/System/Library/PrivateFrameworks/IOSurfaceAccelerator.framework/Versions/A/IOSurfaceAccelerator
0x00007ff81bed7000 	/System/Library/PrivateFrameworks/WatchdogClient.framework/Versions/A/WatchdogClient
0x00007ff810e89000 	/System/Library/Frameworks/CoreDisplay.framework/Versions/A/CoreDisplay
0x00007ff818615000 	/System/Library/Frameworks/CoreMedia.framework/Versions/A/CoreMedia
0x00007ff8184ac000 	/System/Library/PrivateFrameworks/IOAccelerator.framework/Versions/A/IOAccelerator
0x00007ff8173b2000 	/System/Library/Frameworks/CoreVideo.framework/Versions/A/CoreVideo
0x00007ff81ab89000 	/System/Library/Frameworks/MetalPerformanceShaders.framework/Versions/A/MetalPerformanceShaders
0x00007ff81bf14000 	/System/Library/Frameworks/VideoToolbox.framework/Versions/A/VideoToolbox
0x00007ff81617d000 	/System/Library/PrivateFrameworks/BaseBoard.framework/Versions/A/BaseBoard
0x00007ff815f04000 	/System/Library/PrivateFrameworks/ProtocolBuffer.framework/Versions/A/ProtocolBuffer
0x00007ff81c559000 	/System/Library/PrivateFrameworks/GPUWrangler.framework/Versions/A/GPUWrangler
0x00007ff81c53d000 	/System/Library/PrivateFrameworks/IOPresentment.framework/Versions/A/IOPresentment
0x00007ff81c563000 	/System/Library/PrivateFrameworks/DSExternalDisplay.framework/Versions/A/DSExternalDisplay
0x00007ffa288d9000 	/System/Library/Frameworks/OpenGL.framework/Versions/A/Libraries/libCoreFSCache.dylib
0x00007ffb153dd000 	/System/Library/PrivateFrameworks/GPUCompiler.framework/Versions/31001/Libraries/libGPUCompilerUtils.dylib
0x00007ff81c5ce000 	/System/Library/PrivateFrameworks/CMCaptureCore.framework/Versions/A/CMCaptureCore
0x00007ff81badb000 	/System/Library/PrivateFrameworks/AppServerSupport.framework/Versions/A/AppServerSupport
0x00007ff81dd9a000 	/System/Library/PrivateFrameworks/perfdata.framework/Versions/A/perfdata
0x00007ff810fb5000 	/System/Library/PrivateFrameworks/AudioToolboxCore.framework/Versions/A/AudioToolboxCore
0x00007ff8185f3000 	/System/Library/PrivateFrameworks/caulk.framework/Versions/A/caulk
0x00007ff81d6ac000 	/usr/lib/libAudioStatistics.dylib
0x00007ff9153a3000 	/System/Library/PrivateFrameworks/SystemPolicy.framework/Versions/A/SystemPolicy
0x00007ff81d907000 	/usr/lib/libSMC.dylib
0x00007ff826824000 	/System/Library/Frameworks/CoreMIDI.framework/Versions/A/CoreMIDI
0x00007ff81c489000 	/usr/lib/libAudioToolboxUtility.dylib
0x00007ff9115d8000 	/System/Library/PrivateFrameworks/OSAServicesClient.framework/Versions/A/OSAServicesClient
0x00007ff81dda7000 	/usr/lib/libperfcheck.dylib
0x00007ff915e4d000 	/usr/lib/libmis.dylib
0x00007ffa28934000 	/System/Library/Frameworks/OpenGL.framework/Versions/A/Libraries/libGLU.dylib
0x00007ffa288f8000 	/System/Library/Frameworks/OpenGL.framework/Versions/A/Libraries/libGFXShared.dylib
0x00007ffa28b01000 	/System/Library/Frameworks/OpenGL.framework/Versions/A/Libraries/libGL.dylib
0x00007ffa28901000 	/System/Library/Frameworks/OpenGL.framework/Versions/A/Libraries/libGLImage.dylib
0x00007ffa288f5000 	/System/Library/Frameworks/OpenGL.framework/Versions/A/Libraries/libCVMSPluginSupport.dylib
0x00007ffa288e0000 	/System/Library/Frameworks/OpenGL.framework/Versions/A/Libraries/libCoreVMClient.dylib
0x00007ff81915e000 	/System/Library/Frameworks/MetalPerformanceShaders.framework/Versions/A/Frameworks/MPSCore.framework/Versions/A/MPSCore
0x00007ff81a520000 	/System/Library/Frameworks/MetalPerformanceShaders.framework/Versions/A/Frameworks/MPSImage.framework/Versions/A/MPSImage
0x00007ff819fc6000 	/System/Library/Frameworks/MetalPerformanceShaders.framework/Versions/A/Frameworks/MPSNeuralNetwork.framework/Versions/A/MPSNeuralNetwork
0x00007ff81a43a000 	/System/Library/Frameworks/MetalPerformanceShaders.framework/Versions/A/Frameworks/MPSMatrix.framework/Versions/A/MPSMatrix
0x00007ff81a1f5000 	/System/Library/Frameworks/MetalPerformanceShaders.framework/Versions/A/Frameworks/MPSRayIntersector.framework/Versions/A/MPSRayIntersector
0x00007ff81a472000 	/System/Library/Frameworks/MetalPerformanceShaders.framework/Versions/A/Frameworks/MPSNDArray.framework/Versions/A/MPSNDArray
0x00007ffa2dafb000 	/System/Library/Frameworks/MetalPerformanceShaders.framework/Versions/A/Frameworks/MPSFunctions.framework/Versions/A/MPSFunctions
0x00007ff8102b6000 	/System/Library/PrivateFrameworks/MetalTools.framework/Versions/A/MetalTools
0x00007ff8191da000 	/System/Library/PrivateFrameworks/AggregateDictionary.framework/Versions/A/AggregateDictionary
0x00007ff81b315000 	/usr/lib/libIOReport.dylib
0x00007ffa29f10000 	/System/Library/Frameworks/OpenCL.framework/Versions/A/OpenCL
0x00007ff81b679000 	/System/Library/PrivateFrameworks/FaceCore.framework/Versions/A/FaceCore
0x00007ff81b66a000 	/System/Library/PrivateFrameworks/GraphVisualizer.framework/Versions/A/GraphVisualizer
0x00007ffb152e8000 	/System/Library/PrivateFrameworks/FontServices.framework/Versions/A/FontServices
0x00007ff81ba93000 	/System/Library/PrivateFrameworks/OTSVG.framework/Versions/A/OTSVG
0x00007ff816f99000 	/System/Library/Frameworks/ApplicationServices.framework/Versions/A/Frameworks/ATS.framework/Versions/A/Resources/libFontRegistry.dylib
0x00007ff81bae3000 	/System/Library/PrivateFrameworks/FontServices.framework/libhvf.dylib
0x00007ffb152e9000 	/System/Library/PrivateFrameworks/FontServices.framework/libXTFontStaticRegistryData.dylib
0x00007ff81b4e3000 	/System/Library/PrivateFrameworks/AppleVA.framework/Versions/A/AppleVA
0x00007ff81d6cc000 	/System/Library/Frameworks/ApplicationServices.framework/Versions/A/Frameworks/ATS.framework/Versions/A/ATS
0x00007ff81564a000 	/System/Library/Frameworks/ApplicationServices.framework/Versions/A/Frameworks/HIServices.framework/Versions/A/HIServices
0x00007ff81c5d8000 	/System/Library/Frameworks/ApplicationServices.framework/Versions/A/Frameworks/PrintCore.framework/Versions/A/PrintCore
0x00007ff81da5a000 	/System/Library/Frameworks/ApplicationServices.framework/Versions/A/Frameworks/QD.framework/Versions/A/QD
0x00007ff81da52000 	/System/Library/Frameworks/ApplicationServices.framework/Versions/A/Frameworks/ColorSyncLegacy.framework/Versions/A/ColorSyncLegacy
0x00007ff81d6bc000 	/System/Library/Frameworks/ApplicationServices.framework/Versions/A/Frameworks/SpeechSynthesis.framework/Versions/A/SpeechSynthesis
0x00007ff81c599000 	/System/Library/Frameworks/ApplicationServices.framework/Versions/A/Frameworks/ATSUI.framework/Versions/A/ATSUI
0x00007ff81d9e7000 	/usr/lib/libcups.2.dylib
0x00007ff81ddb6000 	/System/Library/Frameworks/Kerberos.framework/Versions/A/Kerberos
0x00007ff81ddc5000 	/System/Library/Frameworks/GSS.framework/Versions/A/GSS
0x00007ff81d738000 	/usr/lib/libresolv.9.dylib
0x00007ff81baf2000 	/System/Library/PrivateFrameworks/Heimdal.framework/Versions/A/Heimdal
0x00007ff8249a7000 	/System/Library/Frameworks/Kerberos.framework/Versions/A/Libraries/libHeimdalProxy.dylib
0x00007ff816306000 	/System/Library/Frameworks/Network.framework/Versions/A/Network
0x00007ff81b54d000 	/usr/lib/libheimdal-asn1.dylib
0x00007ff81de10000 	/System/Library/PrivateFrameworks/CommonAuth.framework/Versions/A/CommonAuth
0x00007ff81d63e000 	/System/Library/PrivateFrameworks/AudioSession.framework/Versions/A/AudioSession
0x00007ff81b5dd000 	/System/Library/PrivateFrameworks/MediaExperience.framework/Versions/A/MediaExperience
0x00007ff81d4d1000 	/System/Library/PrivateFrameworks/AudioSession.framework/libSessionUtility.dylib
0x00007ff81da66000 	/System/Library/PrivateFrameworks/AudioResourceArbitration.framework/Versions/A/AudioResourceArbitration
0x00007ff821ae7000 	/System/Library/PrivateFrameworks/PowerLog.framework/Versions/A/PowerLog
0x00007ff81b556000 	/System/Library/PrivateFrameworks/IconFoundation.framework/Versions/A/IconFoundation
0x00007ff82089d000 	/System/Library/PrivateFrameworks/SpeechRecognitionCore.framework/Versions/A/SpeechRecognitionCore
0x0000000101b1d000 	/Library/Java/JavaVirtualMachines/jdk1.8.0_241.jdk/Contents/Home/jre/lib/server/libjvm.dylib
0x00007ffb28745000 	/usr/lib/libstdc++.6.dylib
0x0000000100ba2000 	/Library/Java/JavaVirtualMachines/jdk1.8.0_241.jdk/Contents/Home/jre/lib/libverify.dylib
0x0000000100be6000 	/Library/Java/JavaVirtualMachines/jdk1.8.0_241.jdk/Contents/Home/jre/lib/libjava.dylib
0x0000000100c67000 	/Library/Java/JavaVirtualMachines/jdk1.8.0_241.jdk/Contents/Home/jre/lib/libjdwp.dylib
0x0000000100b9a000 	/Library/Java/JavaVirtualMachines/jdk1.8.0_241.jdk/Contents/Home/jre/lib/libnpt.dylib
0x0000000100c1c000 	/Library/Java/JavaVirtualMachines/jdk1.8.0_241.jdk/Contents/Home/jre/lib/libinstrument.dylib
0x0000000100bc1000 	/Library/Java/JavaVirtualMachines/jdk1.8.0_241.jdk/Contents/Home/jre/lib/libzip.dylib
0x0000000100bdd000 	/Library/Java/JavaVirtualMachines/jdk1.8.0_241.jdk/Contents/Home/jre/lib/libdt_socket.dylib
0x0000000101afb000 	/Library/Java/JavaVirtualMachines/jdk1.8.0_241.jdk/Contents/Home/jre/lib/libprism_es2.dylib
0x00007ff81244c000 	/System/Library/PrivateFrameworks/CoreServicesInternal.framework/Versions/A/CoreServicesInternal
0x00007ffa28b0c000 	/System/Library/Frameworks/OpenGL.framework/Versions/A/Resources/GLEngine.bundle/GLEngine
0x00007ffa28972000 	/System/Library/Frameworks/OpenGL.framework/Versions/A/Libraries/libGLProgrammability.dylib
0x00007ffa1d994000 	/System/Library/Extensions/AppleIntelKBLGraphicsGLDriver.bundle/Contents/MacOS/AppleIntelKBLGraphicsGLDriver
0x00007ff91ffd2000 	/System/Library/PrivateFrameworks/GPUSupport.framework/Versions/A/Libraries/libGPUSupportMercury.dylib
0x00007ffa28c96000 	/System/Library/Frameworks/OpenGL.framework/Versions/A/Resources/GLRendererFloat.bundle/GLRendererFloat
0x0000000109f00000 	/Library/Java/JavaVirtualMachines/jdk1.8.0_241.jdk/Contents/Home/jre/lib/libglass.dylib
0x00007ff8220d8000 	/System/Library/Frameworks/FileProvider.framework/Versions/A/FileProvider
0x00007ff8160ea000 	/System/Library/Frameworks/Accounts.framework/Versions/A/Accounts
0x00007ff822251000 	/System/Library/PrivateFrameworks/GenerationalStorage.framework/Versions/A/GenerationalStorage
0x00007ff822d61000 	/System/Library/PrivateFrameworks/CoreSymbolication.framework/Versions/A/CoreSymbolication
0x00007ff821adc000 	/System/Library/PrivateFrameworks/SymptomDiagnosticReporter.framework/Versions/A/SymptomDiagnosticReporter
0x00007ff81370b000 	/System/Library/PrivateFrameworks/DesktopServicesPriv.framework/Versions/A/DesktopServicesPriv
0x00007ff81258b000 	/usr/lib/libsandbox.1.dylib
0x00007ff817431000 	/System/Library/PrivateFrameworks/UserManagement.framework/Versions/A/UserManagement
0x00007ff822d26000 	/System/Library/PrivateFrameworks/DebugSymbols.framework/Versions/A/DebugSymbols
0x00007ff81da47000 	/System/Library/PrivateFrameworks/NetAuth.framework/Versions/A/NetAuth
0x00007ff81e956000 	/System/Library/PrivateFrameworks/Sharing.framework/Versions/A/Sharing
0x00007ff817404000 	/System/Library/PrivateFrameworks/login.framework/Versions/A/Frameworks/loginsupport.framework/Versions/A/loginsupport
0x00007ff823ec4000 	/System/Library/PrivateFrameworks/Apple80211.framework/Versions/A/Apple80211
0x00007ff81a605000 	/System/Library/PrivateFrameworks/AuthKit.framework/Versions/A/AuthKit
0x00007ff819c5a000 	/System/Library/PrivateFrameworks/CoreUtils.framework/Versions/A/CoreUtils
0x00007ff819b81000 	/System/Library/Frameworks/CoreWLAN.framework/Versions/A/CoreWLAN
0x00007ff81eab5000 	/System/Library/Frameworks/IOBluetooth.framework/Versions/A/IOBluetooth
0x00007ff823f2c000 	/System/Library/PrivateFrameworks/CoreWiFi.framework/Versions/A/CoreWiFi
0x00007ff8228fb000 	/System/Library/PrivateFrameworks/FrontBoardServices.framework/Versions/A/FrontBoardServices
0x00007ff82298c000 	/System/Library/PrivateFrameworks/BoardServices.framework/Versions/A/BoardServices
0x00007ff819e69000 	/System/Library/PrivateFrameworks/AssertionServices.framework/Versions/A/AssertionServices
0x00007ff8240af000 	/System/Library/PrivateFrameworks/BackBoardServices.framework/Versions/A/BackBoardServices
0x00007ff81dea1000 	/System/Library/PrivateFrameworks/CorePhoneNumbers.framework/Versions/A/CorePhoneNumbers
0x00007ff81d765000 	/System/Library/PrivateFrameworks/MultiverseSupport.framework/Versions/A/MultiverseSupport
0x00007ff824322000 	/System/Library/PrivateFrameworks/RemoteServiceDiscovery.framework/Versions/A/RemoteServiceDiscovery
0x00007ff821bf9000 	/System/Library/PrivateFrameworks/DiskManagement.framework/Versions/A/DiskManagement
0x00007ff821b0d000 	/System/Library/PrivateFrameworks/AppleIDAuthSupport.framework/Versions/A/AppleIDAuthSupport
0x00007ffb0fc7f000 	/System/Library/PrivateFrameworks/AAAFoundation.framework/Versions/A/AAAFoundation
0x00007ff81de82000 	/System/Library/PrivateFrameworks/KeychainCircle.framework/Versions/A/KeychainCircle
0x00007ff824332000 	/System/Library/PrivateFrameworks/RemoteXPC.framework/Versions/A/RemoteXPC
0x00007ff821bc5000 	/System/Library/PrivateFrameworks/MediaKit.framework/Versions/A/MediaKit
0x00007ff821b19000 	/System/Library/Frameworks/DiscRecording.framework/Versions/A/DiscRecording
0x00007ff81b45b000 	/usr/lib/libCoreStorage.dylib
0x00007ff82439d000 	/usr/lib/libcsfde.dylib
0x00007ff81eb82000 	/System/Library/PrivateFrameworks/ProtectedCloudStorage.framework/Versions/A/ProtectedCloudStorage
0x00007ff824399000 	/System/Library/PrivateFrameworks/EFILogin.framework/Versions/A/EFILogin
0x00007ff822277000 	/System/Library/PrivateFrameworks/OctagonTrust.framework/Versions/A/OctagonTrust
0x00007ffb1454b000 	/System/Library/PrivateFrameworks/CoreUtilsExtras.framework/Versions/A/CoreUtilsExtras
0x00007ff821a40000 	/System/Library/Frameworks/CoreBluetooth.framework/Versions/A/CoreBluetooth
0x00007ff824a2c000 	/System/Library/Frameworks/AudioUnit.framework/Versions/A/AudioUnit
0x00007ff81b453000 	/usr/lib/libMatch.1.dylib
0x00007ff91a45f000 	/System/Library/Frameworks/Accelerate.framework/Versions/A/Frameworks/vImage.framework/Versions/A/Libraries/libCGInterfaces.dylib
0x000000010b87e000 	/usr/lib/libobjc-trampolines.dylib
0x00007ff826f34000 	/System/Library/PrivateFrameworks/FamilyControls.framework/Versions/A/FamilyControls
0x00007ff826f58000 	/System/Library/PrivateFrameworks/CommerceKit.framework/Versions/A/Frameworks/CommerceCore.framework/Versions/A/CommerceCore
0x00007ff820fb9000 	/System/Library/PrivateFrameworks/SystemAdministration.framework/Versions/A/SystemAdministration
0x00007ff81eb69000 	/System/Library/PrivateFrameworks/AppContainer.framework/Versions/A/AppContainer
0x00007ff81eb7e000 	/System/Library/PrivateFrameworks/SecCodeWrapper.framework/Versions/A/SecCodeWrapper
0x00007ff81b31e000 	/System/Library/PrivateFrameworks/CrashReporterSupport.framework/Versions/A/CrashReporterSupport
0x00007ff921e64000 	/System/Library/PrivateFrameworks/OSAnalytics.framework/Versions/A/OSAnalytics
0x00007ff92cff9000 	/System/Library/PrivateFrameworks/Symbolication.framework/Versions/A/Symbolication
0x00007ff915e2a000 	/System/Library/PrivateFrameworks/MallocStackLogging.framework/Versions/A/MallocStackLogging
0x00007ff81bba9000 	/System/Library/PrivateFrameworks/login.framework/Versions/A/login
0x00007ff81c802000 	/System/Library/Frameworks/MediaToolbox.framework/Versions/A/MediaToolbox
0x00007ff820869000 	/System/Library/Frameworks/DirectoryService.framework/Versions/A/DirectoryService
0x00007ff82423b000 	/System/Library/PrivateFrameworks/DiskImages.framework/Versions/A/DiskImages
0x00007ff819f11000 	/System/Library/Frameworks/ServiceManagement.framework/Versions/A/ServiceManagement
0x00007ff824417000 	/System/Library/PrivateFrameworks/LoginUIKit.framework/Versions/A/Frameworks/LoginUICore.framework/Versions/A/LoginUICore
0x00007ff81bd52000 	/usr/lib/libodfde.dylib
0x00007ff8220a8000 	/System/Library/PrivateFrameworks/CoreAVCHD.framework/Versions/A/CoreAVCHD
0x00007ff820f7d000 	/System/Library/Frameworks/MediaAccessibility.framework/Versions/A/MediaAccessibility
0x00007ff8220a4000 	/System/Library/PrivateFrameworks/Mangrove.framework/Versions/A/Mangrove
0x00007ff820f88000 	/System/Library/PrivateFrameworks/AlgosScoreFramework.framework/Versions/A/AlgosScoreFramework
0x00007ffb1183f000 	/System/Library/PrivateFrameworks/CMPhoto.framework/Versions/A/CMPhoto
0x00007ff822bfc000 	/System/Library/PrivateFrameworks/AppleVPA.framework/Versions/A/AppleVPA
0x00007ff821ce9000 	/System/Library/PrivateFrameworks/CoreAUC.framework/Versions/A/CoreAUC
0x00007ff8243a9000 	/usr/lib/libcurl.4.dylib
0x00007ffb28214000 	/usr/lib/libcrypto.46.dylib
0x00007ffb28709000 	/usr/lib/libssl.48.dylib
0x00007ff8240cd000 	/System/Library/Frameworks/LDAP.framework/Versions/A/LDAP
0x00007ff824105000 	/System/Library/PrivateFrameworks/TrustEvaluationAgent.framework/Versions/A/TrustEvaluationAgent
0x00007ff81d751000 	/usr/lib/libsasl2.2.dylib
0x00007ff820fad000 	/System/Library/PrivateFrameworks/CoreDaemon.framework/Versions/B/CoreDaemon
0x00007ff820fa8000 	/System/Library/PrivateFrameworks/AppleSRP.framework/Versions/A/AppleSRP
0x00007ff817129000 	/System/Library/PrivateFrameworks/ViewBridge.framework/Versions/A/ViewBridge
0x000000011c67e000 	/Library/Java/JavaVirtualMachines/jdk1.8.0_241.jdk/Contents/Home/jre/lib/libjavafx_font.dylib
0x000000011e678000 	/Library/Java/JavaVirtualMachines/jdk1.8.0_241.jdk/Contents/Home/jre/lib/libprism_common.dylib
0x00007ffb27da8000 	/usr/lib/libRosetta.dylib

VM Arguments:
jvm_args: -agentlib:jdwp=transport=dt_socket,address=127.0.0.1:55456,suspend=y,server=n -javaagent:/Users/ragnarvaldimarsson/Library/Caches/JetBrains/IdeaIC2021.2/captureAgent/debugger-agent.jar -Dfile.encoding=UTF-8 
java_command: com.raggi.svenska.Svenska
java_class_path (initial): /Library/Java/JavaVirtualMachines/jdk1.8.0_241.jdk/Contents/Home/jre/lib/charsets.jar:/Library/Java/JavaVirtualMachines/jdk1.8.0_241.jdk/Contents/Home/jre/lib/deploy.jar:/Library/Java/JavaVirtualMachines/jdk1.8.0_241.jdk/Contents/Home/jre/lib/ext/cldrdata.jar:/Library/Java/JavaVirtualMachines/jdk1.8.0_241.jdk/Contents/Home/jre/lib/ext/dnsns.jar:/Library/Java/JavaVirtualMachines/jdk1.8.0_241.jdk/Contents/Home/jre/lib/ext/jaccess.jar:/Library/Java/JavaVirtualMachines/jdk1.8.0_241.jdk/Contents/Home/jre/lib/ext/jfxrt.jar:/Library/Java/JavaVirtualMachines/jdk1.8.0_241.jdk/Contents/Home/jre/lib/ext/localedata.jar:/Library/Java/JavaVirtualMachines/jdk1.8.0_241.jdk/Contents/Home/jre/lib/ext/nashorn.jar:/Library/Java/JavaVirtualMachines/jdk1.8.0_241.jdk/Contents/Home/jre/lib/ext/sunec.jar:/Library/Java/JavaVirtualMachines/jdk1.8.0_241.jdk/Contents/Home/jre/lib/ext/sunjce_provider.jar:/Library/Java/JavaVirtualMachines/jdk1.8.0_241.jdk/Contents/Home/jre/lib/ext/sunpkcs11.jar:/Library/Java/JavaVirtualMachines/jdk1.8.0_241.jdk/Contents/Home/jre/lib/ext/zipfs.jar:/Library/Java/JavaVirtualMachines/jdk1.8.0_241.jdk/Contents/Home/jre/lib/javaws.jar:/Library/Java/JavaVirtualMachines/jdk1.8.0_241.jdk/Contents/Home/jre/lib/jce.jar:/Library/Java/JavaVirtualMachines/jdk1.8.0_241.jdk/Contents/Home/jre/lib/jfr.jar:/Library/Java/JavaVirtualMachines/jdk1.8.0_241.jdk/Contents/Home/jre/lib/jfxswt.jar:/Library/Java/JavaVirtualMachines/jdk1.8.0_241.jdk/Contents/Home/jre/lib/jsse.jar:/Library/Java/JavaVirtualMachines/jdk1.8.0_241.jdk/Contents/Home/jre/lib/management-agent.jar:/Library/Java/JavaVirtualMachines/jdk1.8.0_241.jdk/Contents/Home/jre/lib/plugin.jar:/Library/Java/JavaVirtualMachines/jdk1.8.0_241.jdk/Contents/Home/jre/lib/resources.jar:/Library/Java/JavaVirtualMachines/jdk1.8.0_241.jdk/Contents/Home/jre/lib/rt.jar:/Library/Java/JavaVirtualMachines/jdk1.8.0_241.jdk/Contents/Home/lib/ant-javafx.jar:/Library/Java/JavaVirtualMachines/jdk1.8.0_241.jdk/Contents/Home
Launcher Type: SUN_STANDARD

Environment Variables:
PATH=/usr/local/bin:/usr/bin:/bin:/usr/sbin:/sbin:/Users/ragnarvaldimarsson/flutter/dev/flutter/bin:/usr/local/go/bin
SHELL=/bin/bash

Signal Handlers:
SIGSEGV: [libjvm.dylib+0x5bd1a7], sa_mask[0]=11111111011111110111111111111111, sa_flags=SA_ONSTACK|SA_RESTART|SA_SIGINFO
SIGBUS: [libjvm.dylib+0x5bd1a7], sa_mask[0]=11111111011111110111111111111111, sa_flags=SA_RESTART|SA_SIGINFO
SIGFPE: [libjvm.dylib+0x48e178], sa_mask[0]=11111111011111110111111111111111, sa_flags=SA_RESTART|SA_SIGINFO
SIGPIPE: [libjvm.dylib+0x48e178], sa_mask[0]=11111111011111110111111111111111, sa_flags=SA_RESTART|SA_SIGINFO
SIGXFSZ: [libjvm.dylib+0x48e178], sa_mask[0]=11111111011111110111111111111111, sa_flags=SA_RESTART|SA_SIGINFO
SIGILL: [libjvm.dylib+0x48e178], sa_mask[0]=11111111011111110111111111111111, sa_flags=SA_RESTART|SA_SIGINFO
SIGUSR1: SIG_DFL, sa_mask[0]=00000000000000000000000000000000, sa_flags=none
SIGUSR2: [libjvm.dylib+0x48dc96], sa_mask[0]=00100000000000000000000000000000, sa_flags=SA_RESTART|SA_SIGINFO
SIGHUP: [libjvm.dylib+0x48c221], sa_mask[0]=11111111011111110111111111111111, sa_flags=SA_RESTART|SA_SIGINFO
SIGINT: [libjvm.dylib+0x48c221], sa_mask[0]=11111111011111110111111111111111, sa_flags=SA_RESTART|SA_SIGINFO
SIGTERM: [libjvm.dylib+0x48c221], sa_mask[0]=11111111011111110111111111111111, sa_flags=SA_RESTART|SA_SIGINFO
SIGQUIT: [libjvm.dylib+0x48c221], sa_mask[0]=11111111011111110111111111111111, sa_flags=SA_RESTART|SA_SIGINFO


---------------  S Y S T E M  ---------------

OS:Bsduname:Darwin 21.5.0 Darwin Kernel Version 21.5.0: Tue Apr 26 21:08:22 PDT 2022; root:xnu-8020.121.3~4/RELEASE_X86_64 x86_64
rlimit: STACK 8192k, CORE 0k, NPROC 1392, NOFILE 10240, AS infinity
load average:2.10 2.32 2.43

CPU:total 4 (initial active 4) (2 cores per cpu, 2 threads per core) family 6 model 142 stepping 9, cmov, cx8, fxsr, mmx, sse, sse2, sse3, ssse3, sse4.1, sse4.2, popcnt, avx, avx2, aes, clmul, erms, 3dnowpref, lzcnt, ht, tsc, tscinvbit, bmi1, bmi2, adx

Memory: 4k page, physical 8388608k(139880k free)

/proc/meminfo:


vm_info: Java HotSpot(TM) 64-Bit Server VM (25.241-b07) for bsd-amd64 JRE (1.8.0_241-b07), built on Dec 11 2019 02:29:59 by "java_re" with gcc 4.2.1 (Based on Apple Inc. build 5658) (LLVM build 2336.11.00)

time: Sat Jul 16 13:23:45 2022
timezone: CEST
elapsed time: 4 seconds (0d 0h 0m 4s)

